1588775066555:q
1588775070929:quit
1588775282989:add 2 3
1588775313568:quit
1589363671274:add 2 3
1589490278474:add 1 3
1589494499258:quit
1589834976172:add
1589834982554:quit
1589835860062:read-message
1589835873045:read-message 1
1589835926474:quit
1589835949964:message-list
1589835954706:user-list
1589835996845:quit
1589836009515:message-list
1589836012572:user-list
1589838009062:message-list
1589874930014:user-list
1589875219423:message-list
1589875253907:user-list
1589875917011:message-list
1589875939102:user-list
1589877747417:message-list
1589880569935:user-list
1589881167860:message-list
1589881208763:user-list
1589881259312:message-list
1589881993575:user-list
1589881996423:message-list
1589882531136:get-element user iduser
1589882564541:get-element user username
1589884698920:connect Mathilde xxxx
1589884726000:connect Mathilde fd
1589884734052:connect Mathi hjk
1589884742284:connect Math
1589889968710:connect Mathilde xxxx
1589890266397:connect José xxxx
1589890289612:connect Mathilde xxxx
1589890292641:connect José xxxx
1589890371205:connect Mathilde xxxx
1589892411511:quit
1589893337002:connect Mathilde xxxx
1589893341035:message-list
1589893418631:quit
1589893428658:connect Mathilde xxxx
1589893431760:quit
1589893441787:message-list
1589894105449:quit
1589897057175:m
1589897060117:message-list
1589897069506:connect Mathilde xxxx
1589897076781:message-list
1589897104841:quit
1589897212304:connect Mathilde xxxx
1589897218094:message-list
1589897247784:connect José xxxx
1589897255427:message-list
1589897288039:quit
1589897702442:connect José xxxx
1589897705924:message-list
1589897722105:connect Mathilde xxxx
1589897725921:message-list
1589897758245:quit
1589898090781:connect Mathilde xxxx
1589898093527:message-list
1589898099161:connect José xxxx
1589898101985:message-list
1589898534214:quit
1589898750927:connect Mathilde xxxx
1589898755105:message-list
1589898813704:quit
1589898824426:connect Mathilde xxxx
1589898827022:message-list
1589898861659:quit
1589898892826:connect Mathilde xxxx
1589898896060:message-list
1589898934571:disconnect
1589898943745:message-list
1589899017996:get-element message textmessage
1589899041680:get-element user password
1589899268372:quit
